\BOOKMARK [0][-]{chapter*.1}{Executive Summary}{}% 1
\BOOKMARK [0][-]{chapter.1}{Methodology}{}% 2
\BOOKMARK [1][-]{section.1.1}{Zoning Shapefiles}{chapter.1}% 3
\BOOKMARK [2][-]{subsection.1.1.1}{Handling data discrepencies}{section.1.1}% 4
\BOOKMARK [1][-]{section.1.2}{Future Growth Modeling}{chapter.1}% 5
\BOOKMARK [0][-]{chapter.2}{Deployment and Coverage Analysis}{}% 6
\BOOKMARK [1][-]{section.2.1}{Ressource Allocation}{chapter.2}% 7
\BOOKMARK [1][-]{section.2.2}{Deployment}{chapter.2}% 8
\BOOKMARK [0][-]{chapter.3}{Call Volume Analysis}{}% 9
\BOOKMARK [1][-]{section.3.1}{Validation of Historical Predictions}{chapter.3}% 10
\BOOKMARK [2][-]{subsection.3.1.1}{Predicted vs. Actual Call Volumes}{section.3.1}% 11
\BOOKMARK [2][-]{subsection.3.1.2}{Temporal Analysis}{section.3.1}% 12
\BOOKMARK [2][-]{subsection.3.1.3}{Geospatial Comparison}{section.3.1}% 13
\BOOKMARK [1][-]{section.3.2}{Adjustments and Learnings}{chapter.3}% 14
\BOOKMARK [2][-]{subsection.3.2.1}{Methodology Adjustments}{section.3.2}% 15
\BOOKMARK [2][-]{subsection.3.2.2}{Study Insights}{section.3.2}% 16
\BOOKMARK [0][-]{chapter.4}{Projected Growth and Call Volume}{}% 17
\BOOKMARK [0][-]{chapter.5}{Conclusion}{}% 18
\BOOKMARK [0][-]{chapter*.18}{Glossary of Terms}{}% 19
\BOOKMARK [0][-]{chapter*.18}{References}{}% 20
